5月-29 15:31:04.487 [main] DEBUG nextflow.cli.Launcher - Setting http proxy: ProxyConfig[protocol=http; host=127.0.0.1; port=7890]
5月-29 15:31:04.517 [main] DEBUG nextflow.cli.Launcher - Setting https proxy: ProxyConfig[protocol=https; host=127.0.0.1; port=7890]
5月-29 15:31:04.518 [main] DEBUG nextflow.cli.Launcher - $> nextflow run /mnt/vol1/lucc/work/script/NF/next-flow-cell-SNP/cell_snp.nf '\n' --input /mnt/vol1/lucc/work/script/NF/next-flow-cell-SNP/samplesheet.csv '\n' --outdir /mnt/vol1/lucc/work/SZ_data/1.WES/company/nf-code '\n' -profile local,docker -stub
5月-29 15:31:04.737 [main] DEBUG nextflow.cli.CmdRun - N E X T F L O W  ~  version 25.10.4
5月-29 15:31:04.758 [main] DEBUG nextflow.plugin.PluginsFacade - Setting up plugin manager > mode=prod; embedded=false; plugins-dir=/home/user01/.nextflow/plugins; core-plugins: nf-amazon@3.4.4,nf-azure@1.20.2,nf-cloudcache@0.5.0,nf-codecommit@0.5.0,nf-console@1.3.0,nf-google@1.23.5,nf-k8s@1.2.2,nf-tower@1.17.5,nf-wave@1.16.1
5月-29 15:31:04.779 [main] INFO  o.pf4j.DefaultPluginStatusProvider - Enabled plugins: []
5月-29 15:31:04.780 [main] INFO  o.pf4j.DefaultPluginStatusProvider - Disabled plugins: []
5月-29 15:31:04.783 [main] INFO  org.pf4j.DefaultPluginManager - PF4J version 3.12.0 in 'deployment' mode
5月-29 15:31:04.797 [main] DEBUG nextflow.util.RetryConfig - Missing nextflow session - using default retry config
5月-29 15:31:04.923 [main] INFO  org.pf4j.AbstractPluginManager - No plugins
5月-29 15:31:04.954 [main] DEBUG nextflow.config.ConfigBuilder - Found config local: /mnt/vol1/lucc/work/script/NF/next-flow-cell-SNP/nextflow.config
5月-29 15:31:04.957 [main] DEBUG nextflow.config.ConfigBuilder - Parsing config file: /mnt/vol1/lucc/work/script/NF/next-flow-cell-SNP/nextflow.config
5月-29 15:31:04.987 [main] DEBUG nextflow.config.ConfigBuilder - Applying config profile: `local,docker`
5月-29 15:31:05.654 [main] DEBUG nextflow.config.ConfigBuilder - Available config profiles: [singularity, local, docker]
5月-29 15:31:05.688 [main] DEBUG nextflow.plugin.PluginsFacade - Plugins default=[]
5月-29 15:31:05.688 [main] DEBUG nextflow.plugin.PluginsFacade - Plugins resolved requirement=[]
5月-29 15:31:05.702 [main] DEBUG n.secret.LocalSecretsProvider - Secrets store: /home/user01/.nextflow/secrets/store.json
5月-29 15:31:05.706 [main] DEBUG nextflow.secret.SecretsLoader - Discovered secrets providers: [nextflow.secret.LocalSecretsProvider@1e60b459] - activable => nextflow.secret.LocalSecretsProvider@1e60b459
5月-29 15:31:05.710 [main] DEBUG nextflow.cli.CmdRun - Applied DSL=2 by global default
5月-29 15:31:05.727 [main] DEBUG nextflow.cli.CmdRun - Launching `/mnt/vol1/lucc/work/script/NF/next-flow-cell-SNP/cell_snp.nf` [special_lorenz] DSL2 - revision: 1444b924a4
5月-29 15:31:05.780 [main] DEBUG nextflow.Session - Session UUID: 588cc438-b42a-440b-96e3-22e35ac9ece2
5月-29 15:31:05.781 [main] DEBUG nextflow.Session - Run name: special_lorenz
5月-29 15:31:05.781 [main] DEBUG nextflow.Session - Executor pool size: 104
5月-29 15:31:05.790 [main] DEBUG nextflow.file.FilePorter - File porter settings maxRetries=3; maxTransfers=50; pollTimeout=null
5月-29 15:31:05.794 [main] DEBUG nextflow.util.ThreadPoolBuilder - Creating thread pool 'FileTransfer' minSize=10; maxSize=312; workQueue=LinkedBlockingQueue[-1]; allowCoreThreadTimeout=false
5月-29 15:31:05.815 [main] DEBUG nextflow.cli.CmdRun - 
  Version: 25.10.4 build 11173
  Created: 10-02-2026 15:17 UTC (23:17 CDT)
  System: Linux 5.4.0-212-generic
  Runtime: Groovy 4.0.28 on OpenJDK 64-Bit Server VM 17.0.14+7-Ubuntu-120.04
  Encoding: UTF-8 (UTF-8)
  Process: 512747@ont [127.0.1.1]
  CPUs: 104 - Mem: 376.5 GB (62.6 GB) - Swap: 8 GB (8 GB)
5月-29 15:31:05.839 [main] DEBUG nextflow.Session - Work-dir: /mnt/vol1/lucc/work/script/NF/next-flow-cell-SNP/work [xfs]
5月-29 15:31:05.839 [main] DEBUG nextflow.Session - Script base path does not exist or is not a directory: /mnt/vol1/lucc/work/script/NF/next-flow-cell-SNP/bin
5月-29 15:31:05.848 [main] DEBUG nextflow.executor.ExecutorFactory - Extension executors providers=[]
5月-29 15:31:05.857 [main] DEBUG nextflow.Session - Observer factory (v2): LinObserverFactory
5月-29 15:31:05.861 [main] DEBUG nextflow.Session - Observer factory (v2): DefaultObserverFactory
5月-29 15:31:05.903 [main] DEBUG nextflow.cache.CacheFactory - Using Nextflow cache factory: nextflow.cache.DefaultCacheFactory
5月-29 15:31:05.912 [main] DEBUG nextflow.util.CustomThreadPool - Creating default thread pool > poolSize: 105; maxThreads: 1000
5月-29 15:31:05.976 [main] DEBUG nextflow.Session - Session start
5月-29 15:31:05.986 [main] DEBUG nextflow.trace.TraceFileObserver - Workflow started -- trace file: trace-20260529-55865864.txt
5月-29 15:31:06.643 [main] DEBUG nextflow.script.ScriptRunner - > Launching execution
5月-29 15:31:08.346 [main] DEBUG n.script.dsl.ProcessConfigBuilder - Config settings `withLabel:process_medium` matches labels `process_medium` for process with name PIPELINE:FASTP_SIMPLE
5月-29 15:31:08.350 [main] DEBUG nextflow.executor.ExecutorFactory - << taskConfig executor: local
5月-29 15:31:08.351 [main] DEBUG nextflow.executor.ExecutorFactory - >> processorType: 'local'
5月-29 15:31:08.360 [main] DEBUG nextflow.executor.Executor - [warm up] executor > local
5月-29 15:31:08.366 [main] DEBUG n.processor.LocalPollingMonitor - Creating local task monitor for executor 'local' > cpus=104; memory=370 GB; capacity=20; pollInterval=100ms; dumpInterval=5m
5月-29 15:31:08.368 [main] DEBUG n.processor.TaskPollingMonitor - >>> barrier register (monitor: local)
5月-29 15:31:08.390 [main] DEBUG nextflow.processor.TaskProcessor - Creating process 'PIPELINE:FASTP_SIMPLE': maxForks=10; fair=false; array=0
5月-29 15:31:08.431 [main] DEBUG n.script.dsl.ProcessConfigBuilder - Config settings `withLabel:process_high` matches labels `process_high` for process with name PIPELINE:DRAGMAP_SIMPLE
5月-29 15:31:08.432 [main] DEBUG nextflow.executor.ExecutorFactory - << taskConfig executor: local
5月-29 15:31:08.433 [main] DEBUG nextflow.executor.ExecutorFactory - >> processorType: 'local'
5月-29 15:31:08.435 [main] DEBUG nextflow.processor.TaskProcessor - Creating process 'PIPELINE:DRAGMAP_SIMPLE': maxForks=4; fair=false; array=0
5月-29 15:31:08.444 [main] DEBUG n.script.dsl.ProcessConfigBuilder - Config settings `withLabel:process_medium` matches labels `process_medium` for process with name PIPELINE:SAMBAMBA_MARKDUP
5月-29 15:31:08.445 [main] DEBUG nextflow.executor.ExecutorFactory - << taskConfig executor: local
5月-29 15:31:08.445 [main] DEBUG nextflow.executor.ExecutorFactory - >> processorType: 'local'
5月-29 15:31:08.447 [main] DEBUG nextflow.processor.TaskProcessor - Creating process 'PIPELINE:SAMBAMBA_MARKDUP': maxForks=10; fair=false; array=0
5月-29 15:31:08.451 [main] DEBUG n.script.dsl.ProcessConfigBuilder - Config settings `withLabel:process_low` matches labels `process_low` for process with name PIPELINE:SAMTOOLS_INDEX_MARKDUP
5月-29 15:31:08.453 [main] DEBUG nextflow.executor.ExecutorFactory - << taskConfig executor: local
5月-29 15:31:08.453 [main] DEBUG nextflow.executor.ExecutorFactory - >> processorType: 'local'
5月-29 15:31:08.454 [main] DEBUG nextflow.processor.TaskProcessor - Creating process 'PIPELINE:SAMTOOLS_INDEX_MARKDUP': maxForks=20; fair=false; array=0
5月-29 15:31:08.465 [main] DEBUG n.script.dsl.ProcessConfigBuilder - Config settings `withLabel:process_low` matches labels `process_low` for process with name PIPELINE:BAM_TO_CRAM
5月-29 15:31:08.468 [main] DEBUG nextflow.executor.ExecutorFactory - << taskConfig executor: local
5月-29 15:31:08.468 [main] DEBUG nextflow.executor.ExecutorFactory - >> processorType: 'local'
5月-29 15:31:08.469 [main] DEBUG nextflow.processor.TaskProcessor - Creating process 'PIPELINE:BAM_TO_CRAM': maxForks=20; fair=false; array=0
5月-29 15:31:08.475 [main] DEBUG nextflow.executor.ExecutorFactory - << taskConfig executor: local
5月-29 15:31:08.475 [main] DEBUG nextflow.executor.ExecutorFactory - >> processorType: 'local'
5月-29 15:31:08.476 [main] DEBUG nextflow.processor.TaskProcessor - Creating process 'PIPELINE:SAMTOOLS_STATS': maxForks=0; fair=false; array=0
5月-29 15:31:08.496 [main] DEBUG n.script.dsl.ProcessConfigBuilder - Config settings `withLabel:process_medium` matches labels `process_medium` for process with name PIPELINE:MOSDEPTH
5月-29 15:31:08.497 [main] DEBUG nextflow.executor.ExecutorFactory - << taskConfig executor: local
5月-29 15:31:08.497 [main] DEBUG nextflow.executor.ExecutorFactory - >> processorType: 'local'
5月-29 15:31:08.498 [main] DEBUG nextflow.processor.TaskProcessor - Creating process 'PIPELINE:MOSDEPTH': maxForks=10; fair=false; array=0
5月-29 15:31:08.510 [main] DEBUG n.script.dsl.ProcessConfigBuilder - Config settings `withLabel:process_low` matches labels `process_low` for process with name PIPELINE:GATK4_BASERECALIBRATOR
5月-29 15:31:08.511 [main] DEBUG nextflow.executor.ExecutorFactory - << taskConfig executor: local
5月-29 15:31:08.511 [main] DEBUG nextflow.executor.ExecutorFactory - >> processorType: 'local'
5月-29 15:31:08.512 [main] DEBUG nextflow.processor.TaskProcessor - Creating process 'PIPELINE:GATK4_BASERECALIBRATOR': maxForks=20; fair=false; array=0
5月-29 15:31:08.526 [main] DEBUG n.script.dsl.ProcessConfigBuilder - Config settings `withLabel:process_low` matches labels `process_low` for process with name PIPELINE:GATK4_APPLYBQSR
5月-29 15:31:08.527 [main] DEBUG nextflow.executor.ExecutorFactory - << taskConfig executor: local
5月-29 15:31:08.528 [main] DEBUG nextflow.executor.ExecutorFactory - >> processorType: 'local'
5月-29 15:31:08.529 [main] DEBUG nextflow.processor.TaskProcessor - Creating process 'PIPELINE:GATK4_APPLYBQSR': maxForks=20; fair=false; array=0
5月-29 15:31:08.535 [main] DEBUG n.script.dsl.ProcessConfigBuilder - Config settings `withLabel:process_low` matches labels `process_low` for process with name PIPELINE:SAMTOOLS_INDEX_BQSR
5月-29 15:31:08.536 [main] DEBUG nextflow.executor.ExecutorFactory - << taskConfig executor: local
5月-29 15:31:08.537 [main] DEBUG nextflow.executor.ExecutorFactory - >> processorType: 'local'
5月-29 15:31:08.537 [main] DEBUG nextflow.processor.TaskProcessor - Creating process 'PIPELINE:SAMTOOLS_INDEX_BQSR': maxForks=20; fair=false; array=0
5月-29 15:31:08.552 [main] DEBUG n.script.dsl.ProcessConfigBuilder - Config settings `withLabel:process_low` matches labels `process_low` for process with name PIPELINE:GATK4_HAPLOTYPECALLER
5月-29 15:31:08.553 [main] DEBUG nextflow.executor.ExecutorFactory - << taskConfig executor: local
5月-29 15:31:08.553 [main] DEBUG nextflow.executor.ExecutorFactory - >> processorType: 'local'
5月-29 15:31:08.554 [main] DEBUG nextflow.processor.TaskProcessor - Creating process 'PIPELINE:GATK4_HAPLOTYPECALLER': maxForks=20; fair=false; array=0
5月-29 15:31:08.571 [main] DEBUG n.script.dsl.ProcessConfigBuilder - Config settings `withLabel:process_low` matches labels `process_low` for process with name PIPELINE:VariantRecalibrator_SNP
5月-29 15:31:08.574 [main] DEBUG n.script.dsl.ProcessConfigBuilder - Config settings `withName:VariantRecalibrator_SNP` matches process PIPELINE:VariantRecalibrator_SNP
5月-29 15:31:08.577 [main] DEBUG nextflow.executor.ExecutorFactory - << taskConfig executor: local
5月-29 15:31:08.577 [main] DEBUG nextflow.executor.ExecutorFactory - >> processorType: 'local'
5月-29 15:31:08.578 [main] DEBUG nextflow.processor.TaskProcessor - Creating process 'PIPELINE:VariantRecalibrator_SNP': maxForks=20; fair=false; array=0
5月-29 15:31:08.590 [main] DEBUG n.script.dsl.ProcessConfigBuilder - Config settings `withLabel:process_low` matches labels `process_low` for process with name PIPELINE:VariantRecalibrator_INDEL
5月-29 15:31:08.591 [main] DEBUG n.script.dsl.ProcessConfigBuilder - Config settings `withName:VariantRecalibrator_INDEL` matches process PIPELINE:VariantRecalibrator_INDEL
5月-29 15:31:08.592 [main] DEBUG nextflow.executor.ExecutorFactory - << taskConfig executor: local
5月-29 15:31:08.592 [main] DEBUG nextflow.executor.ExecutorFactory - >> processorType: 'local'
5月-29 15:31:08.593 [main] DEBUG nextflow.processor.TaskProcessor - Creating process 'PIPELINE:VariantRecalibrator_INDEL': maxForks=20; fair=false; array=0
5月-29 15:31:08.614 [main] DEBUG n.script.dsl.ProcessConfigBuilder - Config settings `withLabel:process_low` matches labels `process_low` for process with name PIPELINE:APPLYVQSR_SNP
5月-29 15:31:08.615 [main] DEBUG nextflow.executor.ExecutorFactory - << taskConfig executor: local
5月-29 15:31:08.615 [main] DEBUG nextflow.executor.ExecutorFactory - >> processorType: 'local'
5月-29 15:31:08.616 [main] DEBUG nextflow.processor.TaskProcessor - Creating process 'PIPELINE:APPLYVQSR_SNP': maxForks=20; fair=false; array=0
5月-29 15:31:08.637 [main] DEBUG n.script.dsl.ProcessConfigBuilder - Config settings `withLabel:process_low` matches labels `process_low` for process with name PIPELINE:APPLYVQSR_INDEL
5月-29 15:31:08.639 [main] DEBUG nextflow.executor.ExecutorFactory - << taskConfig executor: local
5月-29 15:31:08.639 [main] DEBUG nextflow.executor.ExecutorFactory - >> processorType: 'local'
5月-29 15:31:08.640 [main] DEBUG nextflow.processor.TaskProcessor - Creating process 'PIPELINE:APPLYVQSR_INDEL': maxForks=20; fair=false; array=0
5月-29 15:31:08.652 [main] DEBUG n.script.dsl.ProcessConfigBuilder - Config settings `withLabel:process_low` matches labels `process_low` for process with name PIPELINE:GATK4_MERGEVCFS
5月-29 15:31:08.653 [main] DEBUG nextflow.executor.ExecutorFactory - << taskConfig executor: local
5月-29 15:31:08.653 [main] DEBUG nextflow.executor.ExecutorFactory - >> processorType: 'local'
5月-29 15:31:08.655 [main] DEBUG nextflow.processor.TaskProcessor - Creating process 'PIPELINE:GATK4_MERGEVCFS': maxForks=20; fair=false; array=0
5月-29 15:31:08.668 [main] DEBUG n.script.dsl.ProcessConfigBuilder - Config settings `withLabel:process_medium` matches labels `process_medium` for process with name PIPELINE:SNPSIFT_ANNMEMCREATE
5月-29 15:31:08.669 [main] DEBUG nextflow.executor.ExecutorFactory - << taskConfig executor: local
5月-29 15:31:08.670 [main] DEBUG nextflow.executor.ExecutorFactory - >> processorType: 'local'
5月-29 15:31:08.671 [main] DEBUG nextflow.processor.TaskProcessor - Creating process 'PIPELINE:SNPSIFT_ANNMEMCREATE': maxForks=10; fair=false; array=0
5月-29 15:31:08.687 [main] DEBUG n.script.dsl.ProcessConfigBuilder - Config settings `withLabel:process_medium` matches labels `process_medium` for process with name PIPELINE:SNPSIFT_FILTER
5月-29 15:31:08.688 [main] DEBUG n.script.dsl.ProcessConfigBuilder - Config settings `withName:SNPSIFT_FILTER` matches process PIPELINE:SNPSIFT_FILTER
5月-29 15:31:08.689 [main] DEBUG nextflow.executor.ExecutorFactory - << taskConfig executor: local
5月-29 15:31:08.689 [main] DEBUG nextflow.executor.ExecutorFactory - >> processorType: 'local'
5月-29 15:31:08.690 [main] DEBUG nextflow.processor.TaskProcessor - Creating process 'PIPELINE:SNPSIFT_FILTER': maxForks=10; fair=false; array=0
5月-29 15:31:08.696 [main] DEBUG n.script.dsl.ProcessConfigBuilder - Config settings `withLabel:process_medium` matches labels `process_medium` for process with name PIPELINE:SNPSIFT_ANNMEM
5月-29 15:31:08.698 [main] DEBUG nextflow.executor.ExecutorFactory - << taskConfig executor: local
5月-29 15:31:08.698 [main] DEBUG nextflow.executor.ExecutorFactory - >> processorType: 'local'
5月-29 15:31:08.699 [main] DEBUG nextflow.processor.TaskProcessor - Creating process 'PIPELINE:SNPSIFT_ANNMEM': maxForks=10; fair=false; array=0
5月-29 15:31:08.702 [main] DEBUG nextflow.Session - Workflow process names [dsl2]: APPLYVQSR_INDEL, PIPELINE:APPLYVQSR_SNP, PIPELINE:SAMTOOLS_INDEX_MARKDUP, GATK4_VARIANTRECALIBRATOR, SNPSIFT_ANNMEM, PIPELINE:VariantRecalibrator_INDEL, VariantRecalibrator_INDEL, PIPELINE:SAMTOOLS_INDEX_BQSR, PIPELINE:SNPSIFT_FILTER, GATK4_APPLYBQSR, GATK4_BASERECALIBRATOR, SAMBAMBA_MARKDUP, MOSDEPTH, APPLYVQSR_SNP, GATK4_MARKDUPLICATES, PIPELINE:GATK4_BASERECALIBRATOR, SNPEFF_DOWNLOAD, VariantRecalibrator_SNP, SAMTOOLS_CONVERT, FASTP_SIMPLE, GATK4_MERGEVCFS, SAMTOOLS_STATS, PIPELINE:DRAGMAP_SIMPLE, PIPELINE:GATK4_HAPLOTYPECALLER, SAMTOOLS_INDEX_MARKDUP, PIPELINE:GATK4_MERGEVCFS, PIPELINE:SNPSIFT_ANNMEM, SNPSIFT_ANNMEMCREATE, PIPELINE:FASTP_SIMPLE, PIPELINE:APPLYVQSR_INDEL, SNPSIFT_FILTER, PIPELINE:SNPSIFT_ANNMEMCREATE, GATK4_HAPLOTYPECALLER, PIPELINE:SAMTOOLS_STATS, DRAGMAP_SIMPLE, SAMTOOLS_INDEX_BQSR, SNPEFF_SNPEFF, GATK4_APPLYVQSR, PIPELINE:SAMBAMBA_MARKDUP, PIPELINE:BAM_TO_CRAM, PIPELINE:GATK4_APPLYBQSR, BAM_TO_CRAM, PIPELINE:VariantRecalibrator_SNP, SAMTOOLS_INDEX, PIPELINE:MOSDEPTH
5月-29 15:31:08.705 [main] DEBUG nextflow.Session - Igniting dataflow network (35)
5月-29 15:31:08.710 [main] DEBUG nextflow.processor.TaskProcessor - Starting process > PIPELINE:FASTP_SIMPLE
5月-29 15:31:08.711 [main] DEBUG nextflow.processor.TaskProcessor - Starting process > PIPELINE:DRAGMAP_SIMPLE
5月-29 15:31:08.711 [main] DEBUG nextflow.processor.TaskProcessor - Starting process > PIPELINE:SAMBAMBA_MARKDUP
5月-29 15:31:08.712 [main] DEBUG nextflow.processor.TaskProcessor - Starting process > PIPELINE:SAMTOOLS_INDEX_MARKDUP
5月-29 15:31:08.712 [main] DEBUG nextflow.processor.TaskProcessor - Starting process > PIPELINE:BAM_TO_CRAM
5月-29 15:31:08.712 [main] DEBUG nextflow.processor.TaskProcessor - Starting process > PIPELINE:SAMTOOLS_STATS
5月-29 15:31:08.713 [main] DEBUG nextflow.processor.TaskProcessor - Starting process > PIPELINE:MOSDEPTH
5月-29 15:31:08.713 [main] DEBUG nextflow.processor.TaskProcessor - Starting process > PIPELINE:GATK4_BASERECALIBRATOR
5月-29 15:31:08.713 [main] DEBUG nextflow.processor.TaskProcessor - Starting process > PIPELINE:GATK4_APPLYBQSR
5月-29 15:31:08.714 [main] DEBUG nextflow.processor.TaskProcessor - Starting process > PIPELINE:SAMTOOLS_INDEX_BQSR
5月-29 15:31:08.714 [main] DEBUG nextflow.processor.TaskProcessor - Starting process > PIPELINE:GATK4_HAPLOTYPECALLER
5月-29 15:31:08.714 [main] DEBUG nextflow.processor.TaskProcessor - Starting process > PIPELINE:VariantRecalibrator_SNP
5月-29 15:31:08.715 [main] DEBUG nextflow.processor.TaskProcessor - Starting process > PIPELINE:VariantRecalibrator_INDEL
5月-29 15:31:08.715 [main] DEBUG nextflow.processor.TaskProcessor - Starting process > PIPELINE:APPLYVQSR_SNP
5月-29 15:31:08.715 [main] DEBUG nextflow.processor.TaskProcessor - Starting process > PIPELINE:APPLYVQSR_INDEL
5月-29 15:31:08.716 [main] DEBUG nextflow.processor.TaskProcessor - Starting process > PIPELINE:GATK4_MERGEVCFS
5月-29 15:31:08.717 [main] DEBUG nextflow.processor.TaskProcessor - Starting process > PIPELINE:SNPSIFT_ANNMEMCREATE
5月-29 15:31:08.718 [main] DEBUG nextflow.processor.TaskProcessor - Starting process > PIPELINE:SNPSIFT_FILTER
5月-29 15:31:08.718 [main] DEBUG nextflow.processor.TaskProcessor - Starting process > PIPELINE:SNPSIFT_ANNMEM
5月-29 15:31:08.719 [main] DEBUG nextflow.script.ScriptRunner - Parsed script files:
  Script_19fdab5472a0acd1: /mnt/vol1/lucc/work/script/NF/next-flow-cell-SNP/modules/nf-core/gatk4/applybqsr/main_c_docker.nf
  Script_7357941f5653692a: /mnt/vol1/lucc/work/script/NF/next-flow-cell-SNP/modules/nf-core/snpsift/filter/main_c_docker.nf
  Script_1ada165c2fa9e246: /mnt/vol1/lucc/work/script/NF/next-flow-cell-SNP/modules/nf-core/fastp/main_simple.nf
  Script_e4a63d2403de1821: /mnt/vol1/lucc/work/script/NF/next-flow-cell-SNP/cell_snp.nf
  Script_a6246c540cb4feb5: /mnt/vol1/lucc/work/script/NF/next-flow-cell-SNP/modules/nf-core/samtools/convert/main_c_docker.nf
  Script_bce0451cf6dfd0a5: /mnt/vol1/lucc/work/script/NF/next-flow-cell-SNP/modules/nf-core/snpeff/snpeff/main_c_docker.nf
  Script_7e1b9cede16fb5fa: /mnt/vol1/lucc/work/script/NF/next-flow-cell-SNP/modules/nf-core/gatk4/haplotypecaller/main_c_docker.nf
  Script_ae201c7e8bc7d382: /mnt/vol1/lucc/work/script/NF/next-flow-cell-SNP/modules/nf-core/gatk4/mergevcfs/main_c_docker.nf
  Script_5628cf11bfa8ad0c: /mnt/vol1/lucc/work/script/NF/next-flow-cell-SNP/modules/nf-core/snpsift/annmemcreate/main.nf
  Script_acc653a087269075: /mnt/vol1/lucc/work/script/NF/next-flow-cell-SNP/modules/nf-core/snpeff/download/main_c_docker.nf
  Script_48d51fd77e284323: /mnt/vol1/lucc/work/script/NF/next-flow-cell-SNP/modules/nf-core/gatk4/variantrecalibrator/main_c_docker.nf
  Script_7fb177373ad43535: /mnt/vol1/lucc/work/script/NF/next-flow-cell-SNP/modules/nf-core/dragmap/align/main_simple.nf
  Script_65e00b551341dbe7: /mnt/vol1/lucc/work/script/NF/next-flow-cell-SNP/modules/nf-core/gatk4/applyvqsr/main_c_docker.nf
  Script_c0e317362fd06068: /mnt/vol1/lucc/work/script/NF/next-flow-cell-SNP/modules/nf-core/samtools/index/main_c_docker.nf
  Script_ea76894e4a79b5f4: /mnt/vol1/lucc/work/script/NF/next-flow-cell-SNP/modules/nf-core/gatk4/baserecalibrator/main_c_docker.nf
  Script_9c4e5e08249ce73c: /mnt/vol1/lucc/work/script/NF/next-flow-cell-SNP/modules/nf-core/mosdepth/main_c_docker.nf
  Script_741e05727eadcf6b: /mnt/vol1/lucc/work/script/NF/next-flow-cell-SNP/modules/nf-core/snpsift/annmem/main.nf
  Script_41e3a1e5371d45f3: /mnt/vol1/lucc/work/script/NF/next-flow-cell-SNP/modules/nf-core/sambamba/markdup/main_c_docker.nf
  Script_5138c3df414543d4: /mnt/vol1/lucc/work/script/NF/next-flow-cell-SNP/modules/nf-core/samtools/stats/main_c_docker.nf
  Script_6923994871c07df2: /mnt/vol1/lucc/work/script/NF/next-flow-cell-SNP/modules/nf-core/gatk4/markduplicates/main_simple.nf
5月-29 15:31:08.719 [main] DEBUG nextflow.script.ScriptRunner - > Awaiting termination 
5月-29 15:31:08.719 [main] DEBUG nextflow.Session - Session await
5月-29 15:31:08.910 [Task submitter] DEBUG n.executor.local.LocalTaskHandler - Launch cmd line: /bin/bash -ue .command.run
5月-29 15:31:08.912 [Task submitter] INFO  nextflow.Session - [2d/4ab34f] Submitted process > PIPELINE:SNPSIFT_ANNMEMCREATE (dbSNP)
5月-29 15:31:08.922 [Task submitter] DEBUG n.executor.local.LocalTaskHandler - Launch cmd line: /bin/bash -ue .command.run
5月-29 15:31:08.923 [Task submitter] INFO  nextflow.Session - [0c/515e5d] Submitted process > PIPELINE:FASTP_SIMPLE (lucc)
5月-29 15:31:08.932 [Task submitter] DEBUG n.executor.local.LocalTaskHandler - Launch cmd line: /bin/bash -ue .command.run
5月-29 15:31:08.933 [Task submitter] INFO  nextflow.Session - [ef/452316] Submitted process > PIPELINE:FASTP_SIMPLE (x)
5月-29 15:31:08.939 [Task submitter] DEBUG n.executor.local.LocalTaskHandler - Launch cmd line: /bin/bash -ue .command.run
5月-29 15:31:08.940 [Task submitter] INFO  nextflow.Session - [d3/46ea73] Submitted process > PIPELINE:SNPSIFT_ANNMEMCREATE (clinvar)
5月-29 15:31:08.947 [Task submitter] DEBUG n.executor.local.LocalTaskHandler - Launch cmd line: /bin/bash -ue .command.run
5月-29 15:31:08.947 [Task submitter] INFO  nextflow.Session - [bd/0ae0bd] Submitted process > PIPELINE:FASTP_SIMPLE (y)
5月-29 15:31:08.953 [Task submitter] DEBUG n.executor.local.LocalTaskHandler - Launch cmd line: /bin/bash -ue .command.run
5月-29 15:31:08.955 [Task submitter] INFO  nextflow.Session - [40/66b263] Submitted process > PIPELINE:SNPSIFT_ANNMEMCREATE (freq)
5月-29 15:31:10.056 [Task monitor] DEBUG n.processor.TaskPollingMonitor - Task completed > TaskHandler[id: 1; name: PIPELINE:SNPSIFT_ANNMEMCREATE (dbSNP); status: COMPLETED; exit: 0; error: -; workDir: /mnt/vol1/lucc/work/script/NF/next-flow-cell-SNP/work/2d/4ab34f276fa4586b579d738e062cbd]
5月-29 15:31:10.058 [Task monitor] DEBUG nextflow.util.ThreadPoolBuilder - Creating thread pool 'TaskFinalizer' minSize=10; maxSize=312; workQueue=LinkedBlockingQueue[-1]; allowCoreThreadTimeout=false
5月-29 15:31:10.326 [Task monitor] DEBUG n.processor.TaskPollingMonitor - Task completed > TaskHandler[id: 3; name: PIPELINE:SNPSIFT_ANNMEMCREATE (freq); status: COMPLETED; exit: 0; error: -; workDir: /mnt/vol1/lucc/work/script/NF/next-flow-cell-SNP/work/40/66b263dd413562d519d0781fa27c41]
5月-29 15:31:10.396 [Task monitor] DEBUG n.processor.TaskPollingMonitor - Task completed > TaskHandler[id: 4; name: PIPELINE:FASTP_SIMPLE (x); status: COMPLETED; exit: 0; error: -; workDir: /mnt/vol1/lucc/work/script/NF/next-flow-cell-SNP/work/ef/452316b9753c295df9fbdfe5919ce5]
5月-29 15:31:10.478 [TaskFinalizer-3] DEBUG nextflow.processor.TaskProcessor - Process PIPELINE:FASTP_SIMPLE > Skipping output binding because one or more optional files are missing: fileoutparam<4:1>
5月-29 15:31:10.478 [TaskFinalizer-3] DEBUG nextflow.processor.TaskProcessor - Process PIPELINE:FASTP_SIMPLE > Skipping output binding because one or more optional files are missing: fileoutparam<5:1>
5月-29 15:31:10.525 [Task submitter] DEBUG n.executor.local.LocalTaskHandler - Launch cmd line: /bin/bash -ue .command.run
5月-29 15:31:10.526 [Task submitter] INFO  nextflow.Session - [63/c0be35] Submitted process > PIPELINE:DRAGMAP_SIMPLE (x)
5月-29 15:31:10.535 [Task monitor] DEBUG n.processor.TaskPollingMonitor - Task completed > TaskHandler[id: 6; name: PIPELINE:FASTP_SIMPLE (y); status: COMPLETED; exit: 0; error: -; workDir: /mnt/vol1/lucc/work/script/NF/next-flow-cell-SNP/work/bd/0ae0bdb07bc763e454536e4c5220c7]
5月-29 15:31:10.557 [TaskFinalizer-4] DEBUG nextflow.processor.TaskProcessor - Process PIPELINE:FASTP_SIMPLE > Skipping output binding because one or more optional files are missing: fileoutparam<4:1>
5月-29 15:31:10.558 [TaskFinalizer-4] DEBUG nextflow.processor.TaskProcessor - Process PIPELINE:FASTP_SIMPLE > Skipping output binding because one or more optional files are missing: fileoutparam<5:1>
5月-29 15:31:10.580 [Task submitter] DEBUG n.executor.local.LocalTaskHandler - Launch cmd line: /bin/bash -ue .command.run
5月-29 15:31:10.581 [Task submitter] INFO  nextflow.Session - [d3/081c48] Submitted process > PIPELINE:DRAGMAP_SIMPLE (y)
5月-29 15:31:10.607 [Task monitor] DEBUG n.processor.TaskPollingMonitor - Task completed > TaskHandler[id: 2; name: PIPELINE:FASTP_SIMPLE (lucc); status: COMPLETED; exit: 0; error: -; workDir: /mnt/vol1/lucc/work/script/NF/next-flow-cell-SNP/work/0c/515e5dcc91c6e7898e732d2ac3bb3a]
5月-29 15:31:10.623 [TaskFinalizer-5] DEBUG nextflow.processor.TaskProcessor - Process PIPELINE:FASTP_SIMPLE > Skipping output binding because one or more optional files are missing: fileoutparam<4:1>
5月-29 15:31:10.623 [TaskFinalizer-5] DEBUG nextflow.processor.TaskProcessor - Process PIPELINE:FASTP_SIMPLE > Skipping output binding because one or more optional files are missing: fileoutparam<5:1>
5月-29 15:31:10.642 [Task submitter] DEBUG n.executor.local.LocalTaskHandler - Launch cmd line: /bin/bash -ue .command.run
5月-29 15:31:10.643 [Task submitter] INFO  nextflow.Session - [43/80f6c6] Submitted process > PIPELINE:DRAGMAP_SIMPLE (lucc)
5月-29 15:31:10.808 [Task monitor] DEBUG n.processor.TaskPollingMonitor - Task completed > TaskHandler[id: 5; name: PIPELINE:SNPSIFT_ANNMEMCREATE (clinvar); status: COMPLETED; exit: 0; error: -; workDir: /mnt/vol1/lucc/work/script/NF/next-flow-cell-SNP/work/d3/46ea7368a0041622944b4013e6ce03]
5月-29 15:31:11.600 [Task monitor] DEBUG n.processor.TaskPollingMonitor - Task completed > TaskHandler[id: 7; name: PIPELINE:DRAGMAP_SIMPLE (x); status: COMPLETED; exit: 0; error: -; workDir: /mnt/vol1/lucc/work/script/NF/next-flow-cell-SNP/work/63/c0be3558e11da57e0bc45217fe4283]
5月-29 15:31:11.621 [TaskFinalizer-7] DEBUG nextflow.processor.TaskProcessor - Process PIPELINE:DRAGMAP_SIMPLE > Skipping output binding because one or more optional files are missing: fileoutparam<0:1>
5月-29 15:31:11.621 [TaskFinalizer-7] DEBUG nextflow.processor.TaskProcessor - Process PIPELINE:DRAGMAP_SIMPLE > Skipping output binding because one or more optional files are missing: fileoutparam<2:1>
5月-29 15:31:11.621 [TaskFinalizer-7] DEBUG nextflow.processor.TaskProcessor - Process PIPELINE:DRAGMAP_SIMPLE > Skipping output binding because one or more optional files are missing: fileoutparam<3:1>
5月-29 15:31:11.622 [TaskFinalizer-7] DEBUG nextflow.processor.TaskProcessor - Process PIPELINE:DRAGMAP_SIMPLE > Skipping output binding because one or more optional files are missing: fileoutparam<4:1>
5月-29 15:31:11.650 [Task submitter] DEBUG n.executor.local.LocalTaskHandler - Launch cmd line: /bin/bash -ue .command.run
5月-29 15:31:11.651 [Task submitter] INFO  nextflow.Session - [dc/3dc43e] Submitted process > PIPELINE:SAMBAMBA_MARKDUP (x)
5月-29 15:31:11.697 [Task monitor] DEBUG n.processor.TaskPollingMonitor - Task completed > TaskHandler[id: 8; name: PIPELINE:DRAGMAP_SIMPLE (y); status: COMPLETED; exit: 0; error: -; workDir: /mnt/vol1/lucc/work/script/NF/next-flow-cell-SNP/work/d3/081c4807ec92270d288433ab7c4a54]
5月-29 15:31:11.712 [TaskFinalizer-8] DEBUG nextflow.processor.TaskProcessor - Process PIPELINE:DRAGMAP_SIMPLE > Skipping output binding because one or more optional files are missing: fileoutparam<0:1>
5月-29 15:31:11.712 [TaskFinalizer-8] DEBUG nextflow.processor.TaskProcessor - Process PIPELINE:DRAGMAP_SIMPLE > Skipping output binding because one or more optional files are missing: fileoutparam<2:1>
5月-29 15:31:11.713 [TaskFinalizer-8] DEBUG nextflow.processor.TaskProcessor - Process PIPELINE:DRAGMAP_SIMPLE > Skipping output binding because one or more optional files are missing: fileoutparam<3:1>
5月-29 15:31:11.713 [TaskFinalizer-8] DEBUG nextflow.processor.TaskProcessor - Process PIPELINE:DRAGMAP_SIMPLE > Skipping output binding because one or more optional files are missing: fileoutparam<4:1>
5月-29 15:31:11.732 [Task submitter] DEBUG n.executor.local.LocalTaskHandler - Launch cmd line: /bin/bash -ue .command.run
5月-29 15:31:11.733 [Task submitter] INFO  nextflow.Session - [01/3a99ea] Submitted process > PIPELINE:SAMBAMBA_MARKDUP (y)
5月-29 15:31:11.789 [Task monitor] DEBUG n.processor.TaskPollingMonitor - Task completed > TaskHandler[id: 9; name: PIPELINE:DRAGMAP_SIMPLE (lucc); status: COMPLETED; exit: 0; error: -; workDir: /mnt/vol1/lucc/work/script/NF/next-flow-cell-SNP/work/43/80f6c6a600dc2e09ac44df76aeb7d5]
5月-29 15:31:11.805 [TaskFinalizer-9] DEBUG nextflow.processor.TaskProcessor - Process PIPELINE:DRAGMAP_SIMPLE > Skipping output binding because one or more optional files are missing: fileoutparam<0:1>
5月-29 15:31:11.806 [TaskFinalizer-9] DEBUG nextflow.processor.TaskProcessor - Process PIPELINE:DRAGMAP_SIMPLE > Skipping output binding because one or more optional files are missing: fileoutparam<2:1>
5月-29 15:31:11.807 [TaskFinalizer-9] DEBUG nextflow.processor.TaskProcessor - Process PIPELINE:DRAGMAP_SIMPLE > Skipping output binding because one or more optional files are missing: fileoutparam<3:1>
5月-29 15:31:11.807 [TaskFinalizer-9] DEBUG nextflow.processor.TaskProcessor - Process PIPELINE:DRAGMAP_SIMPLE > Skipping output binding because one or more optional files are missing: fileoutparam<4:1>
5月-29 15:31:11.826 [Task submitter] DEBUG n.executor.local.LocalTaskHandler - Launch cmd line: /bin/bash -ue .command.run
5月-29 15:31:11.827 [Task submitter] INFO  nextflow.Session - [52/f2a582] Submitted process > PIPELINE:SAMBAMBA_MARKDUP (lucc)
5月-29 15:31:12.621 [Task monitor] DEBUG n.processor.TaskPollingMonitor - Task completed > TaskHandler[id: 10; name: PIPELINE:SAMBAMBA_MARKDUP (x); status: COMPLETED; exit: 0; error: -; workDir: /mnt/vol1/lucc/work/script/NF/next-flow-cell-SNP/work/dc/3dc43ec5e789a8d68457ee6804b13d]
5月-29 15:31:12.655 [Task submitter] DEBUG n.executor.local.LocalTaskHandler - Launch cmd line: /bin/bash -ue .command.run
5月-29 15:31:12.656 [Task submitter] INFO  nextflow.Session - [49/8d3ed9] Submitted process > PIPELINE:SAMTOOLS_INDEX_MARKDUP (x)
5月-29 15:31:12.770 [Task monitor] DEBUG n.processor.TaskPollingMonitor - Task completed > TaskHandler[id: 11; name: PIPELINE:SAMBAMBA_MARKDUP (y); status: COMPLETED; exit: 0; error: -; workDir: /mnt/vol1/lucc/work/script/NF/next-flow-cell-SNP/work/01/3a99ea239e5a380d2f18a25e2a2ecc]
5月-29 15:31:12.797 [Task submitter] DEBUG n.executor.local.LocalTaskHandler - Launch cmd line: /bin/bash -ue .command.run
5月-29 15:31:12.798 [Task submitter] INFO  nextflow.Session - [25/59a4f0] Submitted process > PIPELINE:SAMTOOLS_INDEX_MARKDUP (y)
5月-29 15:31:12.859 [Task monitor] DEBUG n.processor.TaskPollingMonitor - Task completed > TaskHandler[id: 12; name: PIPELINE:SAMBAMBA_MARKDUP (lucc); status: COMPLETED; exit: 0; error: -; workDir: /mnt/vol1/lucc/work/script/NF/next-flow-cell-SNP/work/52/f2a582f8286d80a2c9c5a1ca9a01f6]
5月-29 15:31:12.883 [Task submitter] DEBUG n.executor.local.LocalTaskHandler - Launch cmd line: /bin/bash -ue .command.run
5月-29 15:31:12.884 [Task submitter] INFO  nextflow.Session - [51/9dc22a] Submitted process > PIPELINE:SAMTOOLS_INDEX_MARKDUP (lucc)
5月-29 15:31:13.846 [Task monitor] DEBUG n.processor.TaskPollingMonitor - Task completed > TaskHandler[id: 13; name: PIPELINE:SAMTOOLS_INDEX_MARKDUP (x); status: COMPLETED; exit: 0; error: -; workDir: /mnt/vol1/lucc/work/script/NF/next-flow-cell-SNP/work/49/8d3ed9414b7fe82abe1974055dcd68]
5月-29 15:31:13.852 [TaskFinalizer-3] DEBUG nextflow.processor.TaskProcessor - Process PIPELINE:SAMTOOLS_INDEX_MARKDUP > Skipping output binding because one or more optional files are missing: fileoutparam<1:1>
5月-29 15:31:13.853 [TaskFinalizer-3] DEBUG nextflow.processor.TaskProcessor - Process PIPELINE:SAMTOOLS_INDEX_MARKDUP > Skipping output binding because one or more optional files are missing: fileoutparam<2:1>
5月-29 15:31:13.891 [Task submitter] DEBUG n.executor.local.LocalTaskHandler - Launch cmd line: /bin/bash -ue .command.run
5月-29 15:31:13.892 [Task submitter] INFO  nextflow.Session - [fb/51abf5] Submitted process > PIPELINE:SAMTOOLS_STATS (x)
5月-29 15:31:13.899 [Task submitter] DEBUG n.executor.local.LocalTaskHandler - Launch cmd line: /bin/bash -ue .command.run
5月-29 15:31:13.900 [Task submitter] INFO  nextflow.Session - [1e/6b2d51] Submitted process > PIPELINE:BAM_TO_CRAM (x)
5月-29 15:31:13.908 [Task submitter] DEBUG n.executor.local.LocalTaskHandler - Launch cmd line: /bin/bash -ue .command.run
5月-29 15:31:13.909 [Task submitter] INFO  nextflow.Session - [09/35cc24] Submitted process > PIPELINE:MOSDEPTH (x)
5月-29 15:31:13.917 [Task submitter] DEBUG n.executor.local.LocalTaskHandler - Launch cmd line: /bin/bash -ue .command.run
5月-29 15:31:13.917 [Task submitter] INFO  nextflow.Session - [b7/92a063] Submitted process > PIPELINE:GATK4_BASERECALIBRATOR (x)
5月-29 15:31:13.937 [Task monitor] DEBUG n.processor.TaskPollingMonitor - Task completed > TaskHandler[id: 14; name: PIPELINE:SAMTOOLS_INDEX_MARKDUP (y); status: COMPLETED; exit: 0; error: -; workDir: /mnt/vol1/lucc/work/script/NF/next-flow-cell-SNP/work/25/59a4f0eb153f0004de4fc97349a12b]
5月-29 15:31:13.946 [TaskFinalizer-4] DEBUG nextflow.processor.TaskProcessor - Process PIPELINE:SAMTOOLS_INDEX_MARKDUP > Skipping output binding because one or more optional files are missing: fileoutparam<1:1>
5月-29 15:31:13.946 [TaskFinalizer-4] DEBUG nextflow.processor.TaskProcessor - Process PIPELINE:SAMTOOLS_INDEX_MARKDUP > Skipping output binding because one or more optional files are missing: fileoutparam<2:1>
5月-29 15:31:13.962 [Task submitter] DEBUG n.executor.local.LocalTaskHandler - Launch cmd line: /bin/bash -ue .command.run
5月-29 15:31:13.963 [Task submitter] INFO  nextflow.Session - [75/d0eb53] Submitted process > PIPELINE:SAMTOOLS_STATS (y)
5月-29 15:31:13.974 [Task submitter] DEBUG n.executor.local.LocalTaskHandler - Launch cmd line: /bin/bash -ue .command.run
5月-29 15:31:13.975 [Task submitter] INFO  nextflow.Session - [ec/e6930b] Submitted process > PIPELINE:BAM_TO_CRAM (y)
5月-29 15:31:13.988 [Task submitter] DEBUG n.executor.local.LocalTaskHandler - Launch cmd line: /bin/bash -ue .command.run
5月-29 15:31:13.989 [Task submitter] INFO  nextflow.Session - [63/511d19] Submitted process > PIPELINE:GATK4_BASERECALIBRATOR (y)
5月-29 15:31:14.000 [Task submitter] DEBUG n.executor.local.LocalTaskHandler - Launch cmd line: /bin/bash -ue .command.run
5月-29 15:31:14.001 [Task submitter] INFO  nextflow.Session - [2c/6fb72c] Submitted process > PIPELINE:MOSDEPTH (y)
5月-29 15:31:14.138 [Task monitor] DEBUG n.processor.TaskPollingMonitor - Task completed > TaskHandler[id: 15; name: PIPELINE:SAMTOOLS_INDEX_MARKDUP (lucc); status: COMPLETED; exit: 0; error: -; workDir: /mnt/vol1/lucc/work/script/NF/next-flow-cell-SNP/work/51/9dc22a4f3625ba28967d51d19958aa]
5月-29 15:31:14.146 [TaskFinalizer-5] DEBUG nextflow.processor.TaskProcessor - Process PIPELINE:SAMTOOLS_INDEX_MARKDUP > Skipping output binding because one or more optional files are missing: fileoutparam<1:1>
5月-29 15:31:14.147 [TaskFinalizer-5] DEBUG nextflow.processor.TaskProcessor - Process PIPELINE:SAMTOOLS_INDEX_MARKDUP > Skipping output binding because one or more optional files are missing: fileoutparam<2:1>
5月-29 15:31:14.162 [Task submitter] DEBUG n.executor.local.LocalTaskHandler - Launch cmd line: /bin/bash -ue .command.run
5月-29 15:31:14.163 [Task submitter] INFO  nextflow.Session - [7e/ce91f0] Submitted process > PIPELINE:BAM_TO_CRAM (lucc)
5月-29 15:31:14.173 [Task submitter] DEBUG n.executor.local.LocalTaskHandler - Launch cmd line: /bin/bash -ue .command.run
5月-29 15:31:14.174 [Task submitter] INFO  nextflow.Session - [ee/8ddc28] Submitted process > PIPELINE:MOSDEPTH (lucc)
5月-29 15:31:14.180 [Task submitter] DEBUG n.executor.local.LocalTaskHandler - Launch cmd line: /bin/bash -ue .command.run
5月-29 15:31:14.181 [Task submitter] INFO  nextflow.Session - [99/a81aa5] Submitted process > PIPELINE:SAMTOOLS_STATS (lucc)
5月-29 15:31:14.186 [Task submitter] DEBUG n.executor.local.LocalTaskHandler - Launch cmd line: /bin/bash -ue .command.run
5月-29 15:31:14.187 [Task submitter] INFO  nextflow.Session - [20/48c146] Submitted process > PIPELINE:GATK4_BASERECALIBRATOR (lucc)
5月-29 15:31:15.365 [Task monitor] DEBUG n.processor.TaskPollingMonitor - Task completed > TaskHandler[id: 19; name: PIPELINE:MOSDEPTH (x); status: COMPLETED; exit: 0; error: -; workDir: /mnt/vol1/lucc/work/script/NF/next-flow-cell-SNP/work/09/35cc249bf6b005318ef684ee1cfbfb]
5月-29 15:31:15.666 [Task monitor] DEBUG n.processor.TaskPollingMonitor - Task completed > TaskHandler[id: 16; name: PIPELINE:BAM_TO_CRAM (x); status: COMPLETED; exit: 0; error: -; workDir: /mnt/vol1/lucc/work/script/NF/next-flow-cell-SNP/work/1e/6b2d5101aa3f3fe06214a95f690f30]
5月-29 15:31:15.676 [Task monitor] DEBUG n.processor.TaskPollingMonitor - Task completed > TaskHandler[id: 21; name: PIPELINE:SAMTOOLS_STATS (y); status: COMPLETED; exit: 0; error: -; workDir: /mnt/vol1/lucc/work/script/NF/next-flow-cell-SNP/work/75/d0eb5363d2fbecccadb6cccd76542f]
5月-29 15:31:15.678 [TaskFinalizer-7] DEBUG nextflow.processor.TaskProcessor - Process PIPELINE:BAM_TO_CRAM > Skipping output binding because one or more optional files are missing: fileoutparam<0:1>
5月-29 15:31:15.679 [TaskFinalizer-7] DEBUG nextflow.processor.TaskProcessor - Process PIPELINE:BAM_TO_CRAM > Skipping output binding because one or more optional files are missing: fileoutparam<2:1>
5月-29 15:31:15.784 [Task monitor] DEBUG n.processor.TaskPollingMonitor - Task completed > TaskHandler[id: 23; name: PIPELINE:MOSDEPTH (y); status: COMPLETED; exit: 0; error: -; workDir: /mnt/vol1/lucc/work/script/NF/next-flow-cell-SNP/work/2c/6fb72ceebd6b1138a5c13bde38e711]
5月-29 15:31:15.859 [Task monitor] DEBUG n.processor.TaskPollingMonitor - Task completed > TaskHandler[id: 20; name: PIPELINE:BAM_TO_CRAM (y); status: COMPLETED; exit: 0; error: -; workDir: /mnt/vol1/lucc/work/script/NF/next-flow-cell-SNP/work/ec/e6930bef56123a136d5692eaedeff1]
5月-29 15:31:15.868 [TaskFinalizer-10] DEBUG nextflow.processor.TaskProcessor - Process PIPELINE:BAM_TO_CRAM > Skipping output binding because one or more optional files are missing: fileoutparam<0:1>
5月-29 15:31:15.868 [TaskFinalizer-10] DEBUG nextflow.processor.TaskProcessor - Process PIPELINE:BAM_TO_CRAM > Skipping output binding because one or more optional files are missing: fileoutparam<2:1>
5月-29 15:31:16.021 [Task monitor] DEBUG n.processor.TaskPollingMonitor - Task completed > TaskHandler[id: 17; name: PIPELINE:SAMTOOLS_STATS (x); status: COMPLETED; exit: 0; error: -; workDir: /mnt/vol1/lucc/work/script/NF/next-flow-cell-SNP/work/fb/51abf5086a89ad5aa67f523bacb78e]
5月-29 15:31:16.219 [Task monitor] DEBUG n.processor.TaskPollingMonitor - Task completed > TaskHandler[id: 25; name: PIPELINE:BAM_TO_CRAM (lucc); status: COMPLETED; exit: 0; error: -; workDir: /mnt/vol1/lucc/work/script/NF/next-flow-cell-SNP/work/7e/ce91f0ca6430f12f60b319fc8ef5ac]
5月-29 15:31:16.230 [TaskFinalizer-2] DEBUG nextflow.processor.TaskProcessor - Process PIPELINE:BAM_TO_CRAM > Skipping output binding because one or more optional files are missing: fileoutparam<0:1>
5月-29 15:31:16.231 [TaskFinalizer-2] DEBUG nextflow.processor.TaskProcessor - Process PIPELINE:BAM_TO_CRAM > Skipping output binding because one or more optional files are missing: fileoutparam<2:1>
5月-29 15:31:16.299 [Task monitor] DEBUG n.processor.TaskPollingMonitor - Task completed > TaskHandler[id: 24; name: PIPELINE:SAMTOOLS_STATS (lucc); status: COMPLETED; exit: 0; error: -; workDir: /mnt/vol1/lucc/work/script/NF/next-flow-cell-SNP/work/99/a81aa5d441f0666538aa027d9b3f3b]
5月-29 15:31:16.749 [Task monitor] DEBUG n.processor.TaskPollingMonitor - Task completed > TaskHandler[id: 26; name: PIPELINE:MOSDEPTH (lucc); status: COMPLETED; exit: 0; error: -; workDir: /mnt/vol1/lucc/work/script/NF/next-flow-cell-SNP/work/ee/8ddc28d291c6b17fd120ecb6828fb5]
5月-29 15:31:17.232 [Task monitor] DEBUG n.processor.TaskPollingMonitor - Task completed > TaskHandler[id: 18; name: PIPELINE:GATK4_BASERECALIBRATOR (x); status: COMPLETED; exit: 0; error: -; workDir: /mnt/vol1/lucc/work/script/NF/next-flow-cell-SNP/work/b7/92a0631685f1aacd4f2878cebcf02d]
5月-29 15:31:17.278 [Task submitter] DEBUG n.executor.local.LocalTaskHandler - Launch cmd line: /bin/bash -ue .command.run
5月-29 15:31:17.279 [Task submitter] INFO  nextflow.Session - [54/ec5039] Submitted process > PIPELINE:GATK4_APPLYBQSR (x)
5月-29 15:31:17.363 [Task monitor] DEBUG n.processor.TaskPollingMonitor - Task completed > TaskHandler[id: 22; name: PIPELINE:GATK4_BASERECALIBRATOR (y); status: COMPLETED; exit: 0; error: -; workDir: /mnt/vol1/lucc/work/script/NF/next-flow-cell-SNP/work/63/511d197a3ccea5aeca2dbdb9851967]
5月-29 15:31:17.396 [Task submitter] DEBUG n.executor.local.LocalTaskHandler - Launch cmd line: /bin/bash -ue .command.run
5月-29 15:31:17.396 [Task submitter] INFO  nextflow.Session - [a7/57b91f] Submitted process > PIPELINE:GATK4_APPLYBQSR (y)
5月-29 15:31:17.590 [Task monitor] DEBUG n.processor.TaskPollingMonitor - Task completed > TaskHandler[id: 27; name: PIPELINE:GATK4_BASERECALIBRATOR (lucc); status: COMPLETED; exit: 0; error: -; workDir: /mnt/vol1/lucc/work/script/NF/next-flow-cell-SNP/work/20/48c146da041bce2a6170fd7bb03b78]
5月-29 15:31:17.630 [Task submitter] DEBUG n.executor.local.LocalTaskHandler - Launch cmd line: /bin/bash -ue .command.run
5月-29 15:31:17.631 [Task submitter] INFO  nextflow.Session - [77/a6c48c] Submitted process > PIPELINE:GATK4_APPLYBQSR (lucc)
5月-29 15:31:19.841 [Task monitor] DEBUG n.processor.TaskPollingMonitor - Task completed > TaskHandler[id: 28; name: PIPELINE:GATK4_APPLYBQSR (x); status: COMPLETED; exit: 0; error: -; workDir: /mnt/vol1/lucc/work/script/NF/next-flow-cell-SNP/work/54/ec5039d3a071ca2ea0e49dd51fd190]
5月-29 15:31:19.845 [TaskFinalizer-8] DEBUG n.processor.TaskFileCollector - Process `PIPELINE:GATK4_APPLYBQSR (x)` is unable to find [UnixPath]: `/mnt/vol1/lucc/work/script/NF/next-flow-cell-SNP/work/54/ec5039d3a071ca2ea0e49dd51fd190/x.bai` (pattern: `x.bai`)
5月-29 15:31:19.846 [TaskFinalizer-8] DEBUG n.processor.TaskFileCollector - Process `PIPELINE:GATK4_APPLYBQSR (x)` is unable to find [UnixPath]: `/mnt/vol1/lucc/work/script/NF/next-flow-cell-SNP/work/54/ec5039d3a071ca2ea0e49dd51fd190/x.cram` (pattern: `x.cram`)
5月-29 15:31:19.847 [TaskFinalizer-8] DEBUG n.processor.TaskFileCollector - Process `PIPELINE:GATK4_APPLYBQSR (x)` is unable to find [UnixPath]: `/mnt/vol1/lucc/work/script/NF/next-flow-cell-SNP/work/54/ec5039d3a071ca2ea0e49dd51fd190/x.crai` (pattern: `x.crai`)
5月-29 15:31:19.852 [TaskFinalizer-8] DEBUG nextflow.processor.TaskProcessor - Process PIPELINE:GATK4_APPLYBQSR > Skipping output binding because one or more optional files are missing: fileoutparam<1:1>
5月-29 15:31:19.852 [TaskFinalizer-8] DEBUG nextflow.processor.TaskProcessor - Process PIPELINE:GATK4_APPLYBQSR > Skipping output binding because one or more optional files are missing: fileoutparam<2:1>
5月-29 15:31:19.853 [TaskFinalizer-8] DEBUG nextflow.processor.TaskProcessor - Process PIPELINE:GATK4_APPLYBQSR > Skipping output binding because one or more optional files are missing: fileoutparam<3:1>
5月-29 15:31:19.873 [Task submitter] DEBUG n.executor.local.LocalTaskHandler - Launch cmd line: /bin/bash -ue .command.run
5月-29 15:31:19.874 [Task submitter] INFO  nextflow.Session - [1e/7dc376] Submitted process > PIPELINE:SAMTOOLS_INDEX_BQSR (x)
5月-29 15:31:20.079 [Task monitor] DEBUG n.processor.TaskPollingMonitor - Task completed > TaskHandler[id: 29; name: PIPELINE:GATK4_APPLYBQSR (y); status: COMPLETED; exit: 0; error: -; workDir: /mnt/vol1/lucc/work/script/NF/next-flow-cell-SNP/work/a7/57b91f5d2687f8c336142b5451c24a]
5月-29 15:31:20.082 [TaskFinalizer-9] DEBUG n.processor.TaskFileCollector - Process `PIPELINE:GATK4_APPLYBQSR (y)` is unable to find [UnixPath]: `/mnt/vol1/lucc/work/script/NF/next-flow-cell-SNP/work/a7/57b91f5d2687f8c336142b5451c24a/y.bai` (pattern: `y.bai`)
5月-29 15:31:20.088 [TaskFinalizer-9] DEBUG n.processor.TaskFileCollector - Process `PIPELINE:GATK4_APPLYBQSR (y)` is unable to find [UnixPath]: `/mnt/vol1/lucc/work/script/NF/next-flow-cell-SNP/work/a7/57b91f5d2687f8c336142b5451c24a/y.cram` (pattern: `y.cram`)
5月-29 15:31:20.091 [TaskFinalizer-9] DEBUG n.processor.TaskFileCollector - Process `PIPELINE:GATK4_APPLYBQSR (y)` is unable to find [UnixPath]: `/mnt/vol1/lucc/work/script/NF/next-flow-cell-SNP/work/a7/57b91f5d2687f8c336142b5451c24a/y.crai` (pattern: `y.crai`)
5月-29 15:31:20.094 [TaskFinalizer-9] DEBUG nextflow.processor.TaskProcessor - Process PIPELINE:GATK4_APPLYBQSR > Skipping output binding because one or more optional files are missing: fileoutparam<1:1>
5月-29 15:31:20.095 [TaskFinalizer-9] DEBUG nextflow.processor.TaskProcessor - Process PIPELINE:GATK4_APPLYBQSR > Skipping output binding because one or more optional files are missing: fileoutparam<2:1>
5月-29 15:31:20.095 [TaskFinalizer-9] DEBUG nextflow.processor.TaskProcessor - Process PIPELINE:GATK4_APPLYBQSR > Skipping output binding because one or more optional files are missing: fileoutparam<3:1>
5月-29 15:31:20.120 [Task submitter] DEBUG n.executor.local.LocalTaskHandler - Launch cmd line: /bin/bash -ue .command.run
5月-29 15:31:20.120 [Task submitter] INFO  nextflow.Session - [a5/2f1a41] Submitted process > PIPELINE:SAMTOOLS_INDEX_BQSR (y)
5月-29 15:31:20.288 [Task monitor] DEBUG n.processor.TaskPollingMonitor - Task completed > TaskHandler[id: 30; name: PIPELINE:GATK4_APPLYBQSR (lucc); status: COMPLETED; exit: 0; error: -; workDir: /mnt/vol1/lucc/work/script/NF/next-flow-cell-SNP/work/77/a6c48c4fa155040abcf810d5e8e0f7]
5月-29 15:31:20.293 [TaskFinalizer-10] DEBUG n.processor.TaskFileCollector - Process `PIPELINE:GATK4_APPLYBQSR (lucc)` is unable to find [UnixPath]: `/mnt/vol1/lucc/work/script/NF/next-flow-cell-SNP/work/77/a6c48c4fa155040abcf810d5e8e0f7/lucc.bai` (pattern: `lucc.bai`)
5月-29 15:31:20.294 [TaskFinalizer-10] DEBUG n.processor.TaskFileCollector - Process `PIPELINE:GATK4_APPLYBQSR (lucc)` is unable to find [UnixPath]: `/mnt/vol1/lucc/work/script/NF/next-flow-cell-SNP/work/77/a6c48c4fa155040abcf810d5e8e0f7/lucc.cram` (pattern: `lucc.cram`)
5月-29 15:31:20.295 [TaskFinalizer-10] DEBUG n.processor.TaskFileCollector - Process `PIPELINE:GATK4_APPLYBQSR (lucc)` is unable to find [UnixPath]: `/mnt/vol1/lucc/work/script/NF/next-flow-cell-SNP/work/77/a6c48c4fa155040abcf810d5e8e0f7/lucc.crai` (pattern: `lucc.crai`)
5月-29 15:31:20.300 [TaskFinalizer-10] DEBUG nextflow.processor.TaskProcessor - Process PIPELINE:GATK4_APPLYBQSR > Skipping output binding because one or more optional files are missing: fileoutparam<1:1>
5月-29 15:31:20.300 [TaskFinalizer-10] DEBUG nextflow.processor.TaskProcessor - Process PIPELINE:GATK4_APPLYBQSR > Skipping output binding because one or more optional files are missing: fileoutparam<2:1>
5月-29 15:31:20.300 [TaskFinalizer-10] DEBUG nextflow.processor.TaskProcessor - Process PIPELINE:GATK4_APPLYBQSR > Skipping output binding because one or more optional files are missing: fileoutparam<3:1>
5月-29 15:31:20.358 [Task submitter] DEBUG n.executor.local.LocalTaskHandler - Launch cmd line: /bin/bash -ue .command.run
5月-29 15:31:20.359 [Task submitter] INFO  nextflow.Session - [fb/f05021] Submitted process > PIPELINE:SAMTOOLS_INDEX_BQSR (lucc)
5月-29 15:31:21.162 [Task monitor] DEBUG n.processor.TaskPollingMonitor - Task completed > TaskHandler[id: 31; name: PIPELINE:SAMTOOLS_INDEX_BQSR (x); status: COMPLETED; exit: 0; error: -; workDir: /mnt/vol1/lucc/work/script/NF/next-flow-cell-SNP/work/1e/7dc3768524f938a8091d0f7d30813c]
5月-29 15:31:21.170 [TaskFinalizer-1] DEBUG nextflow.processor.TaskProcessor - Process PIPELINE:SAMTOOLS_INDEX_BQSR > Skipping output binding because one or more optional files are missing: fileoutparam<1:1>
5月-29 15:31:21.171 [TaskFinalizer-1] DEBUG nextflow.processor.TaskProcessor - Process PIPELINE:SAMTOOLS_INDEX_BQSR > Skipping output binding because one or more optional files are missing: fileoutparam<2:1>
5月-29 15:31:21.210 [Task submitter] DEBUG n.executor.local.LocalTaskHandler - Launch cmd line: /bin/bash -ue .command.run
5月-29 15:31:21.211 [Task submitter] INFO  nextflow.Session - [e7/96f09e] Submitted process > PIPELINE:GATK4_HAPLOTYPECALLER (x)
5月-29 15:31:21.301 [Task monitor] DEBUG n.processor.TaskPollingMonitor - Task completed > TaskHandler[id: 32; name: PIPELINE:SAMTOOLS_INDEX_BQSR (y); status: COMPLETED; exit: 0; error: -; workDir: /mnt/vol1/lucc/work/script/NF/next-flow-cell-SNP/work/a5/2f1a41ca72a26d103a201a6dc677df]
5月-29 15:31:21.310 [TaskFinalizer-2] DEBUG nextflow.processor.TaskProcessor - Process PIPELINE:SAMTOOLS_INDEX_BQSR > Skipping output binding because one or more optional files are missing: fileoutparam<1:1>
5月-29 15:31:21.310 [TaskFinalizer-2] DEBUG nextflow.processor.TaskProcessor - Process PIPELINE:SAMTOOLS_INDEX_BQSR > Skipping output binding because one or more optional files are missing: fileoutparam<2:1>
5月-29 15:31:21.352 [Task submitter] DEBUG n.executor.local.LocalTaskHandler - Launch cmd line: /bin/bash -ue .command.run
5月-29 15:31:21.353 [Task submitter] INFO  nextflow.Session - [e5/d495ca] Submitted process > PIPELINE:GATK4_HAPLOTYPECALLER (y)
5月-29 15:31:21.441 [Task monitor] DEBUG n.processor.TaskPollingMonitor - Task completed > TaskHandler[id: 33; name: PIPELINE:SAMTOOLS_INDEX_BQSR (lucc); status: COMPLETED; exit: 0; error: -; workDir: /mnt/vol1/lucc/work/script/NF/next-flow-cell-SNP/work/fb/f050218ab2a64ffe49e7c7bda0fa80]
5月-29 15:31:21.450 [TaskFinalizer-3] DEBUG nextflow.processor.TaskProcessor - Process PIPELINE:SAMTOOLS_INDEX_BQSR > Skipping output binding because one or more optional files are missing: fileoutparam<1:1>
5月-29 15:31:21.450 [TaskFinalizer-3] DEBUG nextflow.processor.TaskProcessor - Process PIPELINE:SAMTOOLS_INDEX_BQSR > Skipping output binding because one or more optional files are missing: fileoutparam<2:1>
5月-29 15:31:21.482 [Task submitter] DEBUG n.executor.local.LocalTaskHandler - Launch cmd line: /bin/bash -ue .command.run
5月-29 15:31:21.482 [Task submitter] INFO  nextflow.Session - [31/62dabd] Submitted process > PIPELINE:GATK4_HAPLOTYPECALLER (lucc)
5月-29 15:31:24.174 [Task monitor] DEBUG n.processor.TaskPollingMonitor - Task completed > TaskHandler[id: 34; name: PIPELINE:GATK4_HAPLOTYPECALLER (x); status: COMPLETED; exit: 0; error: -; workDir: /mnt/vol1/lucc/work/script/NF/next-flow-cell-SNP/work/e7/96f09e6cec8c7ac48f18b911c372d3]
5月-29 15:31:24.185 [TaskFinalizer-4] DEBUG nextflow.processor.TaskProcessor - Process PIPELINE:GATK4_HAPLOTYPECALLER > Skipping output binding because one or more optional files are missing: fileoutparam<2:1>
5月-29 15:31:24.214 [Task submitter] DEBUG n.executor.local.LocalTaskHandler - Launch cmd line: /bin/bash -ue .command.run
5月-29 15:31:24.214 [Task submitter] INFO  nextflow.Session - [2d/65a7ca] Submitted process > PIPELINE:VariantRecalibrator_SNP (x)
5月-29 15:31:24.225 [Task submitter] DEBUG n.executor.local.LocalTaskHandler - Launch cmd line: /bin/bash -ue .command.run
5月-29 15:31:24.226 [Task submitter] INFO  nextflow.Session - [f5/31925f] Submitted process > PIPELINE:VariantRecalibrator_INDEL (x)
5月-29 15:31:24.250 [Task monitor] DEBUG n.processor.TaskPollingMonitor - Task completed > TaskHandler[id: 35; name: PIPELINE:GATK4_HAPLOTYPECALLER (y); status: COMPLETED; exit: 0; error: -; workDir: /mnt/vol1/lucc/work/script/NF/next-flow-cell-SNP/work/e5/d495ca10e5ba76811559a0aed05e88]
5月-29 15:31:24.261 [TaskFinalizer-5] DEBUG nextflow.processor.TaskProcessor - Process PIPELINE:GATK4_HAPLOTYPECALLER > Skipping output binding because one or more optional files are missing: fileoutparam<2:1>
5月-29 15:31:24.292 [Task submitter] DEBUG n.executor.local.LocalTaskHandler - Launch cmd line: /bin/bash -ue .command.run
5月-29 15:31:24.293 [Task submitter] INFO  nextflow.Session - [8a/1b84cc] Submitted process > PIPELINE:VariantRecalibrator_INDEL (y)
5月-29 15:31:24.301 [Task submitter] DEBUG n.executor.local.LocalTaskHandler - Launch cmd line: /bin/bash -ue .command.run
5月-29 15:31:24.304 [Task submitter] INFO  nextflow.Session - [18/9cad54] Submitted process > PIPELINE:VariantRecalibrator_SNP (y)
5月-29 15:31:24.340 [Task monitor] DEBUG n.processor.TaskPollingMonitor - Task completed > TaskHandler[id: 36; name: PIPELINE:GATK4_HAPLOTYPECALLER (lucc); status: COMPLETED; exit: 0; error: -; workDir: /mnt/vol1/lucc/work/script/NF/next-flow-cell-SNP/work/31/62dabdbd32fd995c0af941b31013b4]
5月-29 15:31:24.350 [TaskFinalizer-6] DEBUG nextflow.processor.TaskProcessor - Process PIPELINE:GATK4_HAPLOTYPECALLER > Skipping output binding because one or more optional files are missing: fileoutparam<2:1>
5月-29 15:31:24.368 [Task submitter] DEBUG n.executor.local.LocalTaskHandler - Launch cmd line: /bin/bash -ue .command.run
5月-29 15:31:24.369 [Task submitter] INFO  nextflow.Session - [f8/5f4f4c] Submitted process > PIPELINE:VariantRecalibrator_SNP (lucc)
5月-29 15:31:24.376 [Task submitter] DEBUG n.executor.local.LocalTaskHandler - Launch cmd line: /bin/bash -ue .command.run
5月-29 15:31:24.376 [Task submitter] INFO  nextflow.Session - [9e/0fdeed] Submitted process > PIPELINE:VariantRecalibrator_INDEL (lucc)
5月-29 15:31:27.368 [Task monitor] DEBUG n.processor.TaskPollingMonitor - Task completed > TaskHandler[id: 38; name: PIPELINE:VariantRecalibrator_SNP (x); status: COMPLETED; exit: 0; error: -; workDir: /mnt/vol1/lucc/work/script/NF/next-flow-cell-SNP/work/2d/65a7ca101705fa6bd0888a0bb34d7a]
5月-29 15:31:27.428 [Task submitter] DEBUG n.executor.local.LocalTaskHandler - Launch cmd line: /bin/bash -ue .command.run
5月-29 15:31:27.429 [Task submitter] INFO  nextflow.Session - [e6/dd0c2c] Submitted process > PIPELINE:APPLYVQSR_SNP (x)
5月-29 15:31:27.479 [Task monitor] DEBUG n.processor.TaskPollingMonitor - Task completed > TaskHandler[id: 40; name: PIPELINE:VariantRecalibrator_INDEL (y); status: COMPLETED; exit: 0; error: -; workDir: /mnt/vol1/lucc/work/script/NF/next-flow-cell-SNP/work/8a/1b84ccca9bd5d54da5ef0d36945519]
5月-29 15:31:27.517 [Task submitter] DEBUG n.executor.local.LocalTaskHandler - Launch cmd line: /bin/bash -ue .command.run
5月-29 15:31:27.518 [Task submitter] INFO  nextflow.Session - [d2/05dac9] Submitted process > PIPELINE:APPLYVQSR_INDEL (y)
5月-29 15:31:27.577 [Task monitor] DEBUG n.processor.TaskPollingMonitor - Task completed > TaskHandler[id: 39; name: PIPELINE:VariantRecalibrator_SNP (y); status: COMPLETED; exit: 0; error: -; workDir: /mnt/vol1/lucc/work/script/NF/next-flow-cell-SNP/work/18/9cad548293b1f070251ba623816ceb]
5月-29 15:31:27.609 [Task submitter] DEBUG n.executor.local.LocalTaskHandler - Launch cmd line: /bin/bash -ue .command.run
5月-29 15:31:27.610 [Task submitter] INFO  nextflow.Session - [e8/af6ebf] Submitted process > PIPELINE:APPLYVQSR_SNP (y)
5月-29 15:31:27.696 [Task monitor] DEBUG n.processor.TaskPollingMonitor - Task completed > TaskHandler[id: 42; name: PIPELINE:VariantRecalibrator_SNP (lucc); status: COMPLETED; exit: 0; error: -; workDir: /mnt/vol1/lucc/work/script/NF/next-flow-cell-SNP/work/f8/5f4f4c6b5aed93b8a8787dd204806e]
5月-29 15:31:27.733 [Task submitter] DEBUG n.executor.local.LocalTaskHandler - Launch cmd line: /bin/bash -ue .command.run
5月-29 15:31:27.733 [Task submitter] INFO  nextflow.Session - [16/865f7e] Submitted process > PIPELINE:APPLYVQSR_SNP (lucc)
5月-29 15:31:27.784 [Task monitor] DEBUG n.processor.TaskPollingMonitor - Task completed > TaskHandler[id: 37; name: PIPELINE:VariantRecalibrator_INDEL (x); status: COMPLETED; exit: 0; error: -; workDir: /mnt/vol1/lucc/work/script/NF/next-flow-cell-SNP/work/f5/31925f79bc551bc7b70eb598f49c39]
5月-29 15:31:27.824 [Task submitter] DEBUG n.executor.local.LocalTaskHandler - Launch cmd line: /bin/bash -ue .command.run
5月-29 15:31:27.825 [Task submitter] INFO  nextflow.Session - [bb/4a675f] Submitted process > PIPELINE:APPLYVQSR_INDEL (x)
5月-29 15:31:27.898 [Task monitor] DEBUG n.processor.TaskPollingMonitor - Task completed > TaskHandler[id: 41; name: PIPELINE:VariantRecalibrator_INDEL (lucc); status: COMPLETED; exit: 0; error: -; workDir: /mnt/vol1/lucc/work/script/NF/next-flow-cell-SNP/work/9e/0fdeed338a23a316defa25478be04f]
5月-29 15:31:27.932 [Task submitter] DEBUG n.executor.local.LocalTaskHandler - Launch cmd line: /bin/bash -ue .command.run
5月-29 15:31:27.933 [Task submitter] INFO  nextflow.Session - [3d/92b21c] Submitted process > PIPELINE:APPLYVQSR_INDEL (lucc)
5月-29 15:31:30.740 [Task monitor] DEBUG n.processor.TaskPollingMonitor - Task completed > TaskHandler[id: 43; name: PIPELINE:APPLYVQSR_SNP (x); status: COMPLETED; exit: 0; error: -; workDir: /mnt/vol1/lucc/work/script/NF/next-flow-cell-SNP/work/e6/dd0c2cf0db9b730d7b177a507a7bcc]
5月-29 15:31:30.874 [Task monitor] DEBUG n.processor.TaskPollingMonitor - Task completed > TaskHandler[id: 45; name: PIPELINE:APPLYVQSR_SNP (y); status: COMPLETED; exit: 0; error: -; workDir: /mnt/vol1/lucc/work/script/NF/next-flow-cell-SNP/work/e8/af6ebf0aef1cd01cef48a73bbb29a9]
5月-29 15:31:30.982 [Task monitor] DEBUG n.processor.TaskPollingMonitor - Task completed > TaskHandler[id: 46; name: PIPELINE:APPLYVQSR_SNP (lucc); status: COMPLETED; exit: 0; error: -; workDir: /mnt/vol1/lucc/work/script/NF/next-flow-cell-SNP/work/16/865f7eea62b894fe3e9376cab72db6]
5月-29 15:31:31.049 [Task monitor] DEBUG n.processor.TaskPollingMonitor - Task completed > TaskHandler[id: 44; name: PIPELINE:APPLYVQSR_INDEL (y); status: COMPLETED; exit: 0; error: -; workDir: /mnt/vol1/lucc/work/script/NF/next-flow-cell-SNP/work/d2/05dac9c8394a9fb289b23462f8e4d8]
5月-29 15:31:31.076 [Task submitter] DEBUG n.executor.local.LocalTaskHandler - Launch cmd line: /bin/bash -ue .command.run
5月-29 15:31:31.077 [Task submitter] INFO  nextflow.Session - [30/5acf9a] Submitted process > PIPELINE:GATK4_MERGEVCFS (y)
5月-29 15:31:31.127 [Task monitor] DEBUG n.processor.TaskPollingMonitor - Task completed > TaskHandler[id: 47; name: PIPELINE:APPLYVQSR_INDEL (x); status: COMPLETED; exit: 0; error: -; workDir: /mnt/vol1/lucc/work/script/NF/next-flow-cell-SNP/work/bb/4a675fac0677639fb84524a47ac9c9]
5月-29 15:31:31.155 [Task submitter] DEBUG n.executor.local.LocalTaskHandler - Launch cmd line: /bin/bash -ue .command.run
5月-29 15:31:31.156 [Task submitter] INFO  nextflow.Session - [39/97691e] Submitted process > PIPELINE:GATK4_MERGEVCFS (x)
5月-29 15:31:31.213 [Task monitor] DEBUG n.processor.TaskPollingMonitor - Task completed > TaskHandler[id: 48; name: PIPELINE:APPLYVQSR_INDEL (lucc); status: COMPLETED; exit: 0; error: -; workDir: /mnt/vol1/lucc/work/script/NF/next-flow-cell-SNP/work/3d/92b21c965a4b3243fe85063d9df395]
5月-29 15:31:31.238 [Task submitter] DEBUG n.executor.local.LocalTaskHandler - Launch cmd line: /bin/bash -ue .command.run
5月-29 15:31:31.239 [Task submitter] INFO  nextflow.Session - [2b/7c704e] Submitted process > PIPELINE:GATK4_MERGEVCFS (lucc)
5月-29 15:31:33.828 [Task monitor] DEBUG n.processor.TaskPollingMonitor - Task completed > TaskHandler[id: 49; name: PIPELINE:GATK4_MERGEVCFS (y); status: COMPLETED; exit: 0; error: -; workDir: /mnt/vol1/lucc/work/script/NF/next-flow-cell-SNP/work/30/5acf9a0adff8013f9062743eb98abb]
5月-29 15:31:33.858 [Task submitter] DEBUG n.executor.local.LocalTaskHandler - Launch cmd line: /bin/bash -ue .command.run
5月-29 15:31:33.858 [Task submitter] INFO  nextflow.Session - [79/81f7fe] Submitted process > PIPELINE:SNPSIFT_FILTER (y)
5月-29 15:31:33.875 [Task monitor] DEBUG n.processor.TaskPollingMonitor - Task completed > TaskHandler[id: 51; name: PIPELINE:GATK4_MERGEVCFS (lucc); status: COMPLETED; exit: 0; error: -; workDir: /mnt/vol1/lucc/work/script/NF/next-flow-cell-SNP/work/2b/7c704e27bf7a6078baa27096d4568a]
5月-29 15:31:33.910 [Task submitter] DEBUG n.executor.local.LocalTaskHandler - Launch cmd line: /bin/bash -ue .command.run
5月-29 15:31:33.910 [Task submitter] INFO  nextflow.Session - [41/6b0ad9] Submitted process > PIPELINE:SNPSIFT_FILTER (lucc)
5月-29 15:31:34.001 [Task monitor] DEBUG n.processor.TaskPollingMonitor - Task completed > TaskHandler[id: 50; name: PIPELINE:GATK4_MERGEVCFS (x); status: COMPLETED; exit: 0; error: -; workDir: /mnt/vol1/lucc/work/script/NF/next-flow-cell-SNP/work/39/97691e1a72a2291d3429e992efb973]
5月-29 15:31:34.018 [Task submitter] DEBUG n.executor.local.LocalTaskHandler - Launch cmd line: /bin/bash -ue .command.run
5月-29 15:31:34.019 [Task submitter] INFO  nextflow.Session - [3d/cad24c] Submitted process > PIPELINE:SNPSIFT_FILTER (x)
5月-29 15:31:34.966 [Task monitor] DEBUG n.processor.TaskPollingMonitor - Task completed > TaskHandler[id: 52; name: PIPELINE:SNPSIFT_FILTER (y); status: COMPLETED; exit: 0; error: -; workDir: /mnt/vol1/lucc/work/script/NF/next-flow-cell-SNP/work/79/81f7fe022c98a6336e099a0fc5ab61]
5月-29 15:31:34.997 [Task submitter] DEBUG n.executor.local.LocalTaskHandler - Launch cmd line: /bin/bash -ue .command.run
5月-29 15:31:34.997 [Task submitter] INFO  nextflow.Session - [4d/1fff09] Submitted process > PIPELINE:SNPSIFT_ANNMEM (y)
5月-29 15:31:35.137 [Task monitor] DEBUG n.processor.TaskPollingMonitor - Task completed > TaskHandler[id: 53; name: PIPELINE:SNPSIFT_FILTER (lucc); status: COMPLETED; exit: 0; error: -; workDir: /mnt/vol1/lucc/work/script/NF/next-flow-cell-SNP/work/41/6b0ad950dac4b79fe9fe095b2cd01d]
5月-29 15:31:35.138 [Task monitor] DEBUG n.processor.TaskPollingMonitor - Task completed > TaskHandler[id: 54; name: PIPELINE:SNPSIFT_FILTER (x); status: COMPLETED; exit: 0; error: -; workDir: /mnt/vol1/lucc/work/script/NF/next-flow-cell-SNP/work/3d/cad24cd9b6789385c53485e9d7776c]
5月-29 15:31:35.166 [Task submitter] DEBUG n.executor.local.LocalTaskHandler - Launch cmd line: /bin/bash -ue .command.run
5月-29 15:31:35.167 [Task submitter] INFO  nextflow.Session - [f2/d7dd97] Submitted process > PIPELINE:SNPSIFT_ANNMEM (lucc)
5月-29 15:31:35.176 [Task submitter] DEBUG n.executor.local.LocalTaskHandler - Launch cmd line: /bin/bash -ue .command.run
5月-29 15:31:35.176 [Task submitter] INFO  nextflow.Session - [d9/fa9f4b] Submitted process > PIPELINE:SNPSIFT_ANNMEM (x)
5月-29 15:31:35.917 [Task monitor] DEBUG n.processor.TaskPollingMonitor - Task completed > TaskHandler[id: 55; name: PIPELINE:SNPSIFT_ANNMEM (y); status: COMPLETED; exit: 0; error: -; workDir: /mnt/vol1/lucc/work/script/NF/next-flow-cell-SNP/work/4d/1fff090d6bd0c0567f82b7c28ece97]
5月-29 15:31:36.201 [Task monitor] DEBUG n.processor.TaskPollingMonitor - Task completed > TaskHandler[id: 56; name: PIPELINE:SNPSIFT_ANNMEM (lucc); status: COMPLETED; exit: 0; error: -; workDir: /mnt/vol1/lucc/work/script/NF/next-flow-cell-SNP/work/f2/d7dd97ea24ca89a3e776bd0571cc7f]
5月-29 15:31:36.305 [Task monitor] DEBUG n.processor.TaskPollingMonitor - Task completed > TaskHandler[id: 57; name: PIPELINE:SNPSIFT_ANNMEM (x); status: COMPLETED; exit: 0; error: -; workDir: /mnt/vol1/lucc/work/script/NF/next-flow-cell-SNP/work/d9/fa9f4b57eca7a9007a3398a8465cf9]
5月-29 15:31:36.313 [main] DEBUG nextflow.Session - Session await > all processes finished
5月-29 15:31:36.405 [Task monitor] DEBUG n.processor.TaskPollingMonitor - <<< barrier arrives (monitor: local) - terminating tasks monitor poll loop
5月-29 15:31:36.406 [main] DEBUG nextflow.Session - Session await > all barriers passed
5月-29 15:31:36.411 [main] DEBUG nextflow.util.ThreadPoolManager - Thread pool 'TaskFinalizer' shutdown completed (hard=false)
5月-29 15:31:36.426 [main] DEBUG n.trace.WorkflowStatsObserver - Workflow completed > WorkflowStats[succeededCount=57; failedCount=0; ignoredCount=0; cachedCount=0; pendingCount=0; submittedCount=0; runningCount=0; retriesCount=0; abortedCount=0; succeedDuration=1m 38s; failedDuration=0ms; cachedDuration=0ms;loadCpus=0; loadMemory=0; peakRunning=12; peakCpus=80; peakMemory=196 GB; ]
5月-29 15:31:36.544 [main] DEBUG nextflow.trace.TraceFileObserver - Workflow completed -- saving trace file
5月-29 15:31:36.557 [main] DEBUG nextflow.cache.CacheDB - Closing CacheDB done
5月-29 15:31:36.591 [main] DEBUG nextflow.util.ThreadPoolManager - Thread pool 'FileTransfer' shutdown completed (hard=false)
5月-29 15:31:36.591 [main] DEBUG nextflow.script.ScriptRunner - > Execution complete -- Goodbye
